<?xml version="1.0" encoding="UTF-8"?>
<testng-results skipped="0" failed="0" total="1" passed="1">
  <reporter-output>
  </reporter-output>
  <suite name="Default suite" duration-ms="25421" started-at="2016-07-12T06:36:57Z" finished-at="2016-07-12T06:37:23Z">
    <groups>
    </groups>
    <test name="Default test" duration-ms="25421" started-at="2016-07-12T06:36:57Z" finished-at="2016-07-12T06:37:23Z">
      <class name="com.stockAcc.test">
        <test-method status="PASS" signature="a()[pri:0, instance:com.stockAcc.test@d7c9f02]" name="a" duration-ms="25369" started-at="2016-07-12T12:06:57Z" finished-at="2016-07-12T12:07:23Z">
          <reporter-output>
          </reporter-output>
        </test-method> <!-- a -->
      </class> <!-- com.stockAcc.test -->
    </test> <!-- Default test -->
  </suite> <!-- Default suite -->
</testng-results>
